<?xml version="1.0" encoding="UTF-8"?>
<PRD-world xmlns:xsi="http://www.w3.org/2001/XMLSchema-instance" xsi:noNamespaceSchemaLocation="predictions-v2.xsd">
	<PRD-thread-count>3</PRD-thread-count>
	<PRD-environment>
		<PRD-env-property type="float">
			<PRD-name>e1</PRD-name>
			<PRD-range from="10" to="100"/>
		</PRD-env-property>
		<PRD-env-property type="boolean">
			<PRD-name>e2</PRD-name>
		</PRD-env-property>
		<PRD-env-property type="float">
			<PRD-name>e3</PRD-name>
			<PRD-range from="10.4" to="100.2"/>
		</PRD-env-property>
		<PRD-env-property type="string">
			<PRD-name>e4</PRD-name>
		</PRD-env-property>
	</PRD-environment>
	<PRD-grid rows="10" columns="10"/>
	<PRD-entities>
		<PRD-entity name="ent-1">
			<PRD-properties>
				<PRD-property type="float">
					<PRD-name>p1</PRD-name>
					<PRD-range from="0" to="100"/>
					<PRD-value random-initialize="false" init="5"/>
				</PRD-property>
				<PRD-property type="float">
					<PRD-name>p2</PRD-name>
					<PRD-range from="0" to="100"/>
					<PRD-value random-initialize="true"/>
				</PRD-property>
				<PRD-property type="boolean">
					<PRD-name>p3</PRD-name>
					<PRD-value random-initialize="true"/>
				</PRD-property>
				<PRD-property type="string">
					<PRD-name>p4</PRD-name>
					<PRD-value random-initialize="false" init="example"/>
				</PRD-property>
			</PRD-properties>
		</PRD-entity>
		<PRD-entity name="ent-2">
			<PRD-properties>
				<PRD-property type="float">
					<PRD-name>p1</PRD-name>
					<PRD-range from="0" to="100"/>
					<PRD-value random-initialize="false" init="10"/>
				</PRD-property>
				<PRD-property type="float">
					<PRD-name>p2</PRD-name>
					<PRD-range from="0" to="100"/>
					<PRD-value random-initialize="true"/>
				</PRD-property>
			</PRD-properties>
		</PRD-entity>
	</PRD-entities>
	<PRD-rules>
		<PRD-rule name="r3">
			<PRD-actions>
				<PRD-action type="proximity">
					<PRD-between source-entity="ent-1" target-entity="ent-2"/>
					<PRD-env-depth of="3"/>
					<PRD-actions>
						<PRD-action type="replace" kill="ent-1" create="ent-2" mode="derived"/>
					</PRD-actions>
				</PRD-action>
			</PRD-actions>
		</PRD-rule>
	</PRD-rules>
	<PRD-termination>
		<PRD-by-ticks count="10"/>
		<PRD-by-second count="100"/>
	</PRD-termination>
</PRD-world>